<?xml version="1.0" encoding="UTF-8"?>
<!-- Generated by org.testng.reporters.JUnitReportReporter -->
<testsuite hostname="DESKTOP-UUPIJUK" failures="0" tests="101" name="com.nexsoft.submission.SubmissionTest" time="410.004" errors="0" timestamp="2022-06-14T20:55:23 WIB" skipped="0">
  <testcase classname="com.nexsoft.submission.SubmissionTest" name="loginAndGoToCrud" time="2.731"/>
  <system-out/>
  <testcase classname="com.nexsoft.submission.SubmissionTest" name="inputData" time="4.060"/>
  <system-out/>
  <testcase classname="com.nexsoft.submission.SubmissionTest" name="inputData" time="4.205"/>
  <system-out/>
  <testcase classname="com.nexsoft.submission.SubmissionTest" name="inputData" time="4.031"/>
  <system-out/>
  <testcase classname="com.nexsoft.submission.SubmissionTest" name="inputData" time="4.041"/>
  <system-out/>
  <testcase classname="com.nexsoft.submission.SubmissionTest" name="inputData" time="4.049"/>
  <system-out/>
  <testcase classname="com.nexsoft.submission.SubmissionTest" name="inputData" time="4.051"/>
  <system-out/>
  <testcase classname="com.nexsoft.submission.SubmissionTest" name="inputData" time="4.003"/>
  <system-out/>
  <testcase classname="com.nexsoft.submission.SubmissionTest" name="inputData" time="4.016"/>
  <system-out/>
  <testcase classname="com.nexsoft.submission.SubmissionTest" name="inputData" time="4.032"/>
  <system-out/>
  <testcase classname="com.nexsoft.submission.SubmissionTest" name="inputData" time="4.079"/>
  <system-out/>
  <testcase classname="com.nexsoft.submission.SubmissionTest" name="inputData" time="4.122"/>
  <system-out/>
  <testcase classname="com.nexsoft.submission.SubmissionTest" name="inputData" time="4.011"/>
  <system-out/>
  <testcase classname="com.nexsoft.submission.SubmissionTest" name="inputData" time="4.033"/>
  <system-out/>
  <testcase classname="com.nexsoft.submission.SubmissionTest" name="inputData" time="4.035"/>
  <system-out/>
  <testcase classname="com.nexsoft.submission.SubmissionTest" name="inputData" time="4.032"/>
  <system-out/>
  <testcase classname="com.nexsoft.submission.SubmissionTest" name="inputData" time="4.099"/>
  <system-out/>
  <testcase classname="com.nexsoft.submission.SubmissionTest" name="inputData" time="4.003"/>
  <system-out/>
  <testcase classname="com.nexsoft.submission.SubmissionTest" name="inputData" time="4.029"/>
  <system-out/>
  <testcase classname="com.nexsoft.submission.SubmissionTest" name="inputData" time="4.194"/>
  <system-out/>
  <testcase classname="com.nexsoft.submission.SubmissionTest" name="inputData" time="4.003"/>
  <system-out/>
  <testcase classname="com.nexsoft.submission.SubmissionTest" name="inputData" time="4.068"/>
  <system-out/>
  <testcase classname="com.nexsoft.submission.SubmissionTest" name="inputData" time="4.029"/>
  <system-out/>
  <testcase classname="com.nexsoft.submission.SubmissionTest" name="inputData" time="4.054"/>
  <system-out/>
  <testcase classname="com.nexsoft.submission.SubmissionTest" name="inputData" time="4.099"/>
  <system-out/>
  <testcase classname="com.nexsoft.submission.SubmissionTest" name="inputData" time="4.087"/>
  <system-out/>
  <testcase classname="com.nexsoft.submission.SubmissionTest" name="inputData" time="4.049"/>
  <system-out/>
  <testcase classname="com.nexsoft.submission.SubmissionTest" name="inputData" time="4.051"/>
  <system-out/>
  <testcase classname="com.nexsoft.submission.SubmissionTest" name="inputData" time="4.149"/>
  <system-out/>
  <testcase classname="com.nexsoft.submission.SubmissionTest" name="inputData" time="4.059"/>
  <system-out/>
  <testcase classname="com.nexsoft.submission.SubmissionTest" name="inputData" time="4.009"/>
  <system-out/>
  <testcase classname="com.nexsoft.submission.SubmissionTest" name="inputData" time="4.248"/>
  <system-out/>
  <testcase classname="com.nexsoft.submission.SubmissionTest" name="inputData" time="4.097"/>
  <system-out/>
  <testcase classname="com.nexsoft.submission.SubmissionTest" name="inputData" time="4.033"/>
  <system-out/>
  <testcase classname="com.nexsoft.submission.SubmissionTest" name="inputData" time="4.045"/>
  <system-out/>
  <testcase classname="com.nexsoft.submission.SubmissionTest" name="inputData" time="4.067"/>
  <system-out/>
  <testcase classname="com.nexsoft.submission.SubmissionTest" name="inputData" time="4.066"/>
  <system-out/>
  <testcase classname="com.nexsoft.submission.SubmissionTest" name="inputData" time="4.032"/>
  <system-out/>
  <testcase classname="com.nexsoft.submission.SubmissionTest" name="inputData" time="3.998"/>
  <system-out/>
  <testcase classname="com.nexsoft.submission.SubmissionTest" name="inputData" time="4.022"/>
  <system-out/>
  <testcase classname="com.nexsoft.submission.SubmissionTest" name="inputData" time="4.105"/>
  <system-out/>
  <testcase classname="com.nexsoft.submission.SubmissionTest" name="inputData" time="4.020"/>
  <system-out/>
  <testcase classname="com.nexsoft.submission.SubmissionTest" name="inputData" time="4.017"/>
  <system-out/>
  <testcase classname="com.nexsoft.submission.SubmissionTest" name="inputData" time="4.089"/>
  <system-out/>
  <testcase classname="com.nexsoft.submission.SubmissionTest" name="inputData" time="4.038"/>
  <system-out/>
  <testcase classname="com.nexsoft.submission.SubmissionTest" name="inputData" time="4.071"/>
  <system-out/>
  <testcase classname="com.nexsoft.submission.SubmissionTest" name="inputData" time="4.050"/>
  <system-out/>
  <testcase classname="com.nexsoft.submission.SubmissionTest" name="inputData" time="4.032"/>
  <system-out/>
  <testcase classname="com.nexsoft.submission.SubmissionTest" name="inputData" time="4.054"/>
  <system-out/>
  <testcase classname="com.nexsoft.submission.SubmissionTest" name="inputData" time="4.029"/>
  <system-out/>
  <testcase classname="com.nexsoft.submission.SubmissionTest" name="inputData" time="4.067"/>
  <system-out/>
  <testcase classname="com.nexsoft.submission.SubmissionTest" name="inputData" time="4.045"/>
  <system-out/>
  <testcase classname="com.nexsoft.submission.SubmissionTest" name="inputData" time="4.085"/>
  <system-out/>
  <testcase classname="com.nexsoft.submission.SubmissionTest" name="inputData" time="3.996"/>
  <system-out/>
  <testcase classname="com.nexsoft.submission.SubmissionTest" name="inputData" time="4.080"/>
  <system-out/>
  <testcase classname="com.nexsoft.submission.SubmissionTest" name="inputData" time="4.030"/>
  <system-out/>
  <testcase classname="com.nexsoft.submission.SubmissionTest" name="inputData" time="4.013"/>
  <system-out/>
  <testcase classname="com.nexsoft.submission.SubmissionTest" name="inputData" time="4.001"/>
  <system-out/>
  <testcase classname="com.nexsoft.submission.SubmissionTest" name="inputData" time="4.022"/>
  <system-out/>
  <testcase classname="com.nexsoft.submission.SubmissionTest" name="inputData" time="4.023"/>
  <system-out/>
  <testcase classname="com.nexsoft.submission.SubmissionTest" name="inputData" time="4.062"/>
  <system-out/>
  <testcase classname="com.nexsoft.submission.SubmissionTest" name="inputData" time="4.071"/>
  <system-out/>
  <testcase classname="com.nexsoft.submission.SubmissionTest" name="inputData" time="4.045"/>
  <system-out/>
  <testcase classname="com.nexsoft.submission.SubmissionTest" name="inputData" time="4.016"/>
  <system-out/>
  <testcase classname="com.nexsoft.submission.SubmissionTest" name="inputData" time="4.765"/>
  <system-out/>
  <testcase classname="com.nexsoft.submission.SubmissionTest" name="inputData" time="4.037"/>
  <system-out/>
  <testcase classname="com.nexsoft.submission.SubmissionTest" name="inputData" time="4.035"/>
  <system-out/>
  <testcase classname="com.nexsoft.submission.SubmissionTest" name="inputData" time="4.006"/>
  <system-out/>
  <testcase classname="com.nexsoft.submission.SubmissionTest" name="inputData" time="4.058"/>
  <system-out/>
  <testcase classname="com.nexsoft.submission.SubmissionTest" name="inputData" time="4.220"/>
  <system-out/>
  <testcase classname="com.nexsoft.submission.SubmissionTest" name="inputData" time="4.195"/>
  <system-out/>
  <testcase classname="com.nexsoft.submission.SubmissionTest" name="inputData" time="4.433"/>
  <system-out/>
  <testcase classname="com.nexsoft.submission.SubmissionTest" name="inputData" time="4.059"/>
  <system-out/>
  <testcase classname="com.nexsoft.submission.SubmissionTest" name="inputData" time="4.017"/>
  <system-out/>
  <testcase classname="com.nexsoft.submission.SubmissionTest" name="inputData" time="4.180"/>
  <system-out/>
  <testcase classname="com.nexsoft.submission.SubmissionTest" name="inputData" time="4.144"/>
  <system-out/>
  <testcase classname="com.nexsoft.submission.SubmissionTest" name="inputData" time="4.080"/>
  <system-out/>
  <testcase classname="com.nexsoft.submission.SubmissionTest" name="inputData" time="4.078"/>
  <system-out/>
  <testcase classname="com.nexsoft.submission.SubmissionTest" name="inputData" time="4.450"/>
  <system-out/>
  <testcase classname="com.nexsoft.submission.SubmissionTest" name="inputData" time="4.035"/>
  <system-out/>
  <testcase classname="com.nexsoft.submission.SubmissionTest" name="inputData" time="4.043"/>
  <system-out/>
  <testcase classname="com.nexsoft.submission.SubmissionTest" name="inputData" time="4.014"/>
  <system-out/>
  <testcase classname="com.nexsoft.submission.SubmissionTest" name="inputData" time="4.028"/>
  <system-out/>
  <testcase classname="com.nexsoft.submission.SubmissionTest" name="inputData" time="4.033"/>
  <system-out/>
  <testcase classname="com.nexsoft.submission.SubmissionTest" name="inputData" time="4.056"/>
  <system-out/>
  <testcase classname="com.nexsoft.submission.SubmissionTest" name="inputData" time="4.059"/>
  <system-out/>
  <testcase classname="com.nexsoft.submission.SubmissionTest" name="inputData" time="4.002"/>
  <system-out/>
  <testcase classname="com.nexsoft.submission.SubmissionTest" name="inputData" time="4.081"/>
  <system-out/>
  <testcase classname="com.nexsoft.submission.SubmissionTest" name="inputData" time="4.001"/>
  <system-out/>
  <testcase classname="com.nexsoft.submission.SubmissionTest" name="inputData" time="4.072"/>
  <system-out/>
  <testcase classname="com.nexsoft.submission.SubmissionTest" name="inputData" time="4.018"/>
  <system-out/>
  <testcase classname="com.nexsoft.submission.SubmissionTest" name="inputData" time="4.099"/>
  <system-out/>
  <testcase classname="com.nexsoft.submission.SubmissionTest" name="inputData" time="4.029"/>
  <system-out/>
  <testcase classname="com.nexsoft.submission.SubmissionTest" name="inputData" time="4.108"/>
  <system-out/>
  <testcase classname="com.nexsoft.submission.SubmissionTest" name="inputData" time="4.073"/>
  <system-out/>
  <testcase classname="com.nexsoft.submission.SubmissionTest" name="inputData" time="4.031"/>
  <system-out/>
  <testcase classname="com.nexsoft.submission.SubmissionTest" name="inputData" time="4.064"/>
  <system-out/>
  <testcase classname="com.nexsoft.submission.SubmissionTest" name="inputData" time="4.041"/>
  <system-out/>
  <testcase classname="com.nexsoft.submission.SubmissionTest" name="inputData" time="4.068"/>
  <system-out/>
  <testcase classname="com.nexsoft.submission.SubmissionTest" name="inputData" time="4.018"/>
  <system-out/>
  <testcase classname="com.nexsoft.submission.SubmissionTest" name="inputData" time="4.092"/>
  <system-out/>
</testsuite> <!-- com.nexsoft.submission.SubmissionTest -->
